2025-05-20 10:19:48.307 [info] [main] Log level: Info
2025-05-20 10:19:48.307 [info] [main] Validating found git in: "git"
2025-05-20 10:19:48.307 [info] [main] Using git "2.43.0" from "git"
2025-05-20 10:19:48.307 [info] [Model][doInitialScan] Initial repository scan started
2025-05-20 10:19:48.307 [info] [Model][doInitialScan] Initial repository scan completed - repositories (0), closed repositories (0), parent repositories (0), unsafe repositories (0)
2025-05-20 10:21:51.978 [info] [main] Log level: Info
2025-05-20 10:21:51.978 [info] [main] Validating found git in: "git"
2025-05-20 10:21:51.978 [info] [main] Using git "2.43.0" from "git"
2025-05-20 10:21:51.978 [info] [Model][doInitialScan] Initial repository scan started
2025-05-20 10:21:51.978 [info] > git rev-parse --show-toplevel [9ms]
2025-05-20 10:21:51.989 [info] > git rev-parse --show-toplevel [2ms]
2025-05-20 10:21:51.995 [info] > git rev-parse --show-toplevel [1ms]
2025-05-20 10:21:52.003 [info] > git rev-parse --show-toplevel [1ms]
2025-05-20 10:21:52.009 [info] > git rev-parse --show-toplevel [2ms]
2025-05-20 10:21:52.016 [info] > git rev-parse --show-toplevel [1ms]
2025-05-20 10:21:52.025 [info] > git rev-parse --show-toplevel [2ms]
2025-05-20 10:21:52.033 [info] > git rev-parse --show-toplevel [3ms]
2025-05-20 10:21:52.042 [info] > git rev-parse --show-toplevel [2ms]
2025-05-20 10:21:52.049 [info] > git rev-parse --show-toplevel [2ms]
2025-05-20 10:21:52.056 [info] > git rev-parse --show-toplevel [1ms]
2025-05-20 10:21:52.064 [info] > git rev-parse --show-toplevel [2ms]
2025-05-20 10:21:52.072 [info] > git rev-parse --show-toplevel [2ms]
2025-05-20 10:21:52.081 [info] > git rev-parse --show-toplevel [1ms]
2025-05-20 10:21:52.089 [info] > git rev-parse --show-toplevel [2ms]
2025-05-20 10:21:52.095 [info] > git rev-parse --show-toplevel [1ms]
2025-05-20 10:21:52.104 [info] > git rev-parse --show-toplevel [1ms]
2025-05-20 10:21:52.111 [info] > git rev-parse --show-toplevel [1ms]
2025-05-20 10:21:52.119 [info] > git rev-parse --show-toplevel [1ms]
2025-05-20 10:21:52.127 [info] > git rev-parse --show-toplevel [2ms]
2025-05-20 10:21:52.132 [info] [Model][doInitialScan] Initial repository scan completed - repositories (0), closed repositories (0), parent repositories (1), unsafe repositories (0)
2025-05-20 10:22:17.260 [info] > git rev-parse --show-toplevel [2ms]
2025-05-20 10:39:37.490 [info] > git rev-parse --show-toplevel [3ms]
2025-05-20 10:39:41.836 [info] > git rev-parse --show-toplevel [3ms]
2025-05-20 10:40:00.938 [info] > git rev-parse --show-toplevel [7ms]
2025-05-20 10:40:05.344 [info] > git rev-parse --show-toplevel [2ms]
2025-05-20 10:40:16.471 [info] > git rev-parse --show-toplevel [1ms]
2025-05-20 10:40:30.873 [info] > git rev-parse --show-toplevel [2ms]
2025-05-20 10:40:51.649 [info] > git rev-parse --show-toplevel [1ms]
2025-05-20 10:41:11.185 [info] > git rev-parse --show-toplevel [15ms]
2025-05-20 10:41:15.357 [info] > git rev-parse --show-toplevel [3ms]
2025-05-20 10:41:19.589 [info] > git rev-parse --show-toplevel [2ms]
2025-05-20 10:41:20.520 [info] > git rev-parse --show-toplevel [2ms]
2025-05-20 10:41:55.608 [info] > git rev-parse --show-toplevel [2ms]
2025-05-20 10:42:00.152 [info] > git rev-parse --show-toplevel [2ms]
2025-05-20 10:42:06.958 [info] > git rev-parse --show-toplevel [2ms]
2025-05-20 10:42:12.614 [info] > git rev-parse --show-toplevel [3ms]
2025-05-20 10:42:23.196 [info] > git rev-parse --show-toplevel [4ms]
2025-05-20 10:42:24.397 [info] > git rev-parse --show-toplevel [5ms]
2025-05-20 10:42:55.111 [info] > git rev-parse --show-toplevel [3ms]
2025-05-20 10:43:02.653 [info] > git rev-parse --show-toplevel [4ms]
2025-05-20 10:43:13.010 [info] > git rev-parse --show-toplevel [3ms]
2025-05-20 10:43:29.988 [info] > git rev-parse --show-toplevel [2ms]
2025-05-20 10:43:46.232 [info] > git rev-parse --show-toplevel [4ms]
2025-05-20 10:43:53.002 [info] > git rev-parse --show-toplevel [3ms]
2025-05-20 10:44:20.774 [info] > git rev-parse --show-toplevel [1ms]
2025-05-20 10:44:28.071 [info] > git rev-parse --show-toplevel [2ms]
2025-05-20 10:45:07.614 [info] > git rev-parse --show-toplevel [1ms]
2025-05-20 10:45:08.807 [info] > git rev-parse --show-toplevel [2ms]
2025-05-20 10:45:13.587 [info] > git rev-parse --show-toplevel [9ms]
2025-05-20 10:46:15.020 [info] > git rev-parse --show-toplevel [4ms]
2025-05-20 10:46:22.723 [info] > git rev-parse --show-toplevel [3ms]
2025-05-20 11:18:20.322 [info] > git rev-parse --show-toplevel [2ms]
2025-05-20 11:18:27.261 [info] > git rev-parse --show-toplevel [4ms]
2025-05-20 11:20:05.970 [info] > git rev-parse --show-toplevel [2ms]
2025-05-20 11:21:53.021 [info] > git rev-parse --show-toplevel [2ms]
2025-05-20 11:21:53.754 [info] > git rev-parse --show-toplevel [3ms]
2025-05-20 11:22:33.470 [info] > git rev-parse --show-toplevel [2ms]
2025-05-20 11:22:57.663 [info] > git rev-parse --show-toplevel [1ms]
2025-05-20 11:24:00.179 [info] > git rev-parse --show-toplevel [13ms]
2025-05-20 11:25:13.389 [info] > git rev-parse --show-toplevel [2ms]
2025-05-20 11:25:17.034 [info] > git rev-parse --show-toplevel [3ms]
2025-05-20 11:25:17.351 [info] > git rev-parse --show-toplevel [4ms]
2025-05-20 11:26:15.731 [info] > git rev-parse --show-toplevel [4ms]
2025-05-20 11:26:34.797 [info] > git rev-parse --show-toplevel [4ms]
2025-05-20 11:38:03.831 [info] > git rev-parse --show-toplevel [2ms]
2025-05-20 11:38:09.336 [info] > git rev-parse --show-toplevel [2ms]
2025-05-20 11:39:04.810 [info] > git rev-parse --show-toplevel [2ms]
2025-05-20 11:39:10.465 [info] > git rev-parse --show-toplevel [3ms]
2025-05-20 11:58:55.026 [info] > git rev-parse --show-toplevel [2ms]
2025-05-20 12:00:24.038 [info] > git rev-parse --show-toplevel [5ms]
2025-05-20 12:03:45.864 [info] > git rev-parse --show-toplevel [3ms]
2025-05-20 12:03:53.004 [info] > git rev-parse --show-toplevel [3ms]
2025-05-20 12:03:56.183 [info] > git rev-parse --show-toplevel [2ms]
2025-05-20 12:04:10.749 [info] > git rev-parse --show-toplevel [6ms]
2025-05-20 12:04:22.367 [info] > git rev-parse --show-toplevel [2ms]
2025-05-20 12:06:00.189 [info] > git rev-parse --show-toplevel [10ms]
2025-05-20 12:10:24.831 [info] > git rev-parse --show-toplevel [3ms]
2025-05-20 12:22:47.258 [info] > git rev-parse --show-toplevel [1ms]
2025-05-20 12:22:57.396 [info] > git rev-parse --show-toplevel [3ms]
2025-05-20 12:23:00.411 [info] > git rev-parse --show-toplevel [3ms]
2025-05-20 12:23:11.268 [info] > git rev-parse --show-toplevel [6ms]
2025-05-20 12:23:13.376 [info] > git rev-parse --show-toplevel [1ms]
2025-05-20 12:23:13.851 [info] > git rev-parse --show-toplevel [2ms]
2025-05-20 12:23:15.044 [info] > git rev-parse --show-toplevel [2ms]
2025-05-20 12:23:23.353 [info] > git rev-parse --show-toplevel [2ms]
2025-05-20 12:23:27.965 [info] > git rev-parse --show-toplevel [2ms]
2025-05-20 12:23:44.106 [info] > git rev-parse --show-toplevel [2ms]
2025-05-20 12:23:49.203 [info] > git rev-parse --show-toplevel [2ms]
2025-05-20 12:23:49.988 [info] > git rev-parse --show-toplevel [1ms]
2025-05-20 12:23:52.152 [info] > git rev-parse --show-toplevel [1ms]
2025-05-20 12:23:54.606 [info] > git rev-parse --show-toplevel [2ms]
2025-05-20 12:35:38.814 [info] > git rev-parse --show-toplevel [3ms]
2025-05-20 12:42:46.641 [info] > git rev-parse --show-toplevel [2ms]
2025-05-20 12:42:54.354 [info] > git rev-parse --show-toplevel [11ms]
2025-05-20 12:51:46.699 [info] > git rev-parse --show-toplevel [2ms]
2025-05-20 13:11:26.408 [info] > git rev-parse --show-toplevel [3ms]
2025-05-20 13:16:14.146 [info] > git rev-parse --show-toplevel [2ms]
2025-05-20 13:16:15.598 [info] > git rev-parse --show-toplevel [2ms]
2025-05-20 13:16:17.044 [info] > git rev-parse --show-toplevel [2ms]
2025-05-20 13:16:17.487 [info] > git rev-parse --show-toplevel [1ms]
2025-05-20 13:27:04.656 [info] > git rev-parse --show-toplevel [1ms]
2025-05-20 13:27:05.560 [info] > git rev-parse --show-toplevel [2ms]
2025-05-20 13:27:06.691 [info] > git rev-parse --show-toplevel [4ms]
2025-05-20 13:27:08.808 [info] > git rev-parse --show-toplevel [3ms]
2025-05-20 13:42:04.032 [info] > git rev-parse --show-toplevel [3ms]
2025-05-20 14:28:10.406 [info] > git rev-parse --show-toplevel [3ms]
2025-05-20 14:28:30.430 [info] > git rev-parse --show-toplevel [2ms]
2025-05-20 14:29:11.052 [info] > git rev-parse --show-toplevel [2ms]
2025-05-20 14:29:11.654 [info] > git rev-parse --show-toplevel [2ms]
2025-05-20 14:29:12.449 [info] > git rev-parse --show-toplevel [1ms]
2025-05-20 14:29:26.635 [info] > git rev-parse --show-toplevel [2ms]
2025-05-20 14:29:47.257 [info] > git rev-parse --show-toplevel [5ms]
2025-05-20 14:30:00.856 [info] > git rev-parse --show-toplevel [1ms]
2025-05-20 14:30:40.903 [info] > git rev-parse --show-toplevel [2ms]
2025-05-20 14:30:45.156 [info] > git rev-parse --show-toplevel [2ms]
2025-05-20 14:30:46.227 [info] > git rev-parse --show-toplevel [2ms]
2025-05-20 14:30:51.461 [info] > git rev-parse --show-toplevel [2ms]
2025-05-20 14:30:56.745 [info] > git rev-parse --show-toplevel [3ms]
2025-05-20 14:30:57.660 [info] > git rev-parse --show-toplevel [2ms]
2025-05-20 14:30:58.680 [info] > git rev-parse --show-toplevel [2ms]
2025-05-20 14:31:07.403 [info] > git rev-parse --show-toplevel [2ms]
2025-05-20 14:31:21.495 [info] > git rev-parse --show-toplevel [2ms]
2025-05-20 14:31:39.671 [info] > git rev-parse --show-toplevel [3ms]
2025-05-20 14:31:42.073 [info] > git rev-parse --show-toplevel [3ms]
2025-05-20 14:31:43.278 [info] > git rev-parse --show-toplevel [2ms]
2025-05-20 14:31:58.676 [info] > git rev-parse --show-toplevel [2ms]
2025-05-20 14:32:06.378 [info] > git rev-parse --show-toplevel [3ms]
2025-05-20 14:32:08.491 [info] > git rev-parse --show-toplevel [3ms]
2025-05-20 14:32:09.891 [info] > git rev-parse --show-toplevel [5ms]
2025-05-20 14:32:23.046 [info] > git rev-parse --show-toplevel [1ms]
2025-05-20 14:32:28.591 [info] > git rev-parse --show-toplevel [2ms]
2025-05-20 14:32:32.592 [info] > git rev-parse --show-toplevel [2ms]
2025-05-20 14:32:33.179 [info] > git rev-parse --show-toplevel [2ms]
2025-05-20 14:32:36.057 [info] > git rev-parse --show-toplevel [3ms]
2025-05-20 14:32:36.659 [info] > git rev-parse --show-toplevel [3ms]
2025-05-20 14:32:40.267 [info] > git rev-parse --show-toplevel [2ms]
2025-05-20 14:32:40.898 [info] > git rev-parse --show-toplevel [2ms]
2025-05-20 14:32:42.447 [info] > git rev-parse --show-toplevel [2ms]
2025-05-20 14:32:46.631 [info] > git rev-parse --show-toplevel [3ms]
2025-05-20 14:32:49.077 [info] > git rev-parse --show-toplevel [2ms]
2025-05-20 14:33:40.178 [info] > git rev-parse --show-toplevel [2ms]
2025-05-20 14:33:40.557 [info] > git rev-parse --show-toplevel [2ms]
2025-05-20 14:34:10.084 [info] > git rev-parse --show-toplevel [4ms]
2025-05-20 14:34:10.708 [info] > git rev-parse --show-toplevel [6ms]
2025-05-20 14:34:13.833 [info] > git rev-parse --show-toplevel [1ms]
2025-05-20 14:34:15.858 [info] > git rev-parse --show-toplevel [3ms]
2025-05-20 14:35:03.845 [info] > git rev-parse --show-toplevel [3ms]
2025-05-20 14:35:19.154 [info] > git rev-parse --show-toplevel [4ms]
2025-05-20 14:35:24.580 [info] > git rev-parse --show-toplevel [1ms]
2025-05-20 14:35:43.859 [info] > git rev-parse --show-toplevel [2ms]
2025-05-20 14:35:48.268 [info] > git rev-parse --show-toplevel [2ms]
2025-05-20 14:35:51.052 [info] > git rev-parse --show-toplevel [2ms]
2025-05-20 14:35:52.198 [info] > git rev-parse --show-toplevel [3ms]
2025-05-20 14:35:53.118 [info] > git rev-parse --show-toplevel [2ms]
2025-05-20 14:36:01.143 [info] > git rev-parse --show-toplevel [2ms]
2025-05-20 14:37:58.400 [info] > git rev-parse --show-toplevel [1ms]
2025-05-20 15:00:30.673 [info] > git rev-parse --show-toplevel [2ms]
2025-05-20 15:00:33.723 [info] > git rev-parse --show-toplevel [2ms]
2025-05-20 15:00:40.822 [info] > git rev-parse --show-toplevel [2ms]
2025-05-20 15:00:51.774 [info] > git rev-parse --show-toplevel [1ms]
2025-05-20 15:00:54.133 [info] > git rev-parse --show-toplevel [2ms]
2025-05-20 15:00:55.274 [info] > git rev-parse --show-toplevel [3ms]
2025-05-20 15:00:56.515 [info] > git rev-parse --show-toplevel [2ms]
2025-05-20 15:01:26.142 [info] > git rev-parse --show-toplevel [1ms]
2025-05-20 15:01:42.077 [info] > git rev-parse --show-toplevel [3ms]
2025-05-20 15:01:43.798 [info] > git rev-parse --show-toplevel [2ms]
2025-05-20 15:01:48.442 [info] > git rev-parse --show-toplevel [3ms]
2025-05-20 15:01:50.061 [info] > git rev-parse --show-toplevel [3ms]
2025-05-20 15:02:51.121 [info] > git rev-parse --show-toplevel [8ms]
2025-05-20 15:03:02.684 [info] > git rev-parse --show-toplevel [2ms]
2025-05-20 15:05:04.732 [info] > git rev-parse --show-toplevel [2ms]
2025-05-20 15:05:07.578 [info] > git rev-parse --show-toplevel [3ms]
2025-05-20 15:05:14.523 [info] > git rev-parse --show-toplevel [1ms]
2025-05-20 15:05:26.594 [info] > git rev-parse --show-toplevel [1ms]
2025-05-20 15:05:27.627 [info] > git rev-parse --show-toplevel [2ms]
2025-05-20 15:05:42.348 [info] > git rev-parse --show-toplevel [4ms]
2025-05-20 15:11:49.228 [info] > git rev-parse --show-toplevel [2ms]
2025-05-20 15:11:56.290 [info] > git rev-parse --show-toplevel [1ms]
2025-05-20 15:11:57.889 [info] > git rev-parse --show-toplevel [2ms]
2025-05-20 15:12:04.546 [info] > git rev-parse --show-toplevel [2ms]
2025-05-20 15:12:12.909 [info] > git rev-parse --show-toplevel [2ms]
2025-05-20 15:13:49.772 [info] > git rev-parse --show-toplevel [2ms]
2025-05-20 15:14:56.742 [info] > git rev-parse --show-toplevel [2ms]
2025-05-20 15:16:19.208 [info] > git rev-parse --show-toplevel [2ms]
2025-05-20 15:23:34.348 [info] > git rev-parse --show-toplevel [2ms]
2025-05-20 15:38:25.797 [info] > git rev-parse --show-toplevel [4ms]
2025-05-20 15:38:48.625 [info] > git rev-parse --show-toplevel [2ms]
2025-05-20 16:31:29.677 [info] > git rev-parse --show-toplevel [2ms]
2025-05-20 16:31:31.727 [info] > git rev-parse --show-toplevel [2ms]
